-------------------------------------------------------------------------------
Test set: algorithm_visualizer.algorithms.DijkstraTest
-------------------------------------------------------------------------------
Tests run: 12, Failures: 0, Errors: 9, Skipped: 0, Time elapsed: 0.024 s <<< FAILURE! - in algorithm_visualizer.algorithms.DijkstraTest
shouldGenerateStepsInCorrectOrder(algorithm_visualizer.algorithms.DijkstraTest)  Time elapsed: 0.003 s  <<< ERROR!
java.lang.ClassCastException: class algorithm_visualizer.algorithms.Dijkstra$PQElement cannot be cast to class java.lang.Comparable (algorithm_visualizer.algorithms.Dijkstra$PQElement is in unnamed module of loader 'app'; java.lang.Comparable is in module java.base of loader 'bootstrap')
	at algorithm_visualizer.algorithms.DijkstraTest.shouldGenerateStepsInCorrectOrder(DijkstraTest.java:84)

shouldGenerateRelaxEdgeSteps(algorithm_visualizer.algorithms.DijkstraTest)  Time elapsed: 0.001 s  <<< ERROR!
java.lang.ClassCastException: class algorithm_visualizer.algorithms.Dijkstra$PQElement cannot be cast to class java.lang.Comparable (algorithm_visualizer.algorithms.Dijkstra$PQElement is in unnamed module of loader 'app'; java.lang.Comparable is in module java.base of loader 'bootstrap')
	at algorithm_visualizer.algorithms.DijkstraTest.shouldGenerateRelaxEdgeSteps(DijkstraTest.java:106)

shouldFindShortestPathWithDifferentWeights(algorithm_visualizer.algorithms.DijkstraTest)  Time elapsed: 0 s  <<< ERROR!
java.lang.ClassCastException: class algorithm_visualizer.algorithms.Dijkstra$PQElement cannot be cast to class java.lang.Comparable (algorithm_visualizer.algorithms.Dijkstra$PQElement is in unnamed module of loader 'app'; java.lang.Comparable is in module java.base of loader 'bootstrap')
	at algorithm_visualizer.algorithms.DijkstraTest.shouldFindShortestPathWithDifferentWeights(DijkstraTest.java:53)

shouldNotFindUnreachableTarget(algorithm_visualizer.algorithms.DijkstraTest)  Time elapsed: 0 s  <<< ERROR!
java.lang.ClassCastException: class algorithm_visualizer.algorithms.Dijkstra$PQElement cannot be cast to class java.lang.Comparable (algorithm_visualizer.algorithms.Dijkstra$PQElement is in unnamed module of loader 'app'; java.lang.Comparable is in module java.base of loader 'bootstrap')
	at algorithm_visualizer.algorithms.DijkstraTest.shouldNotFindUnreachableTarget(DijkstraTest.java:69)

shouldVisitAllReachableNodesWhenNoTarget(algorithm_visualizer.algorithms.DijkstraTest)  Time elapsed: 0.001 s  <<< ERROR!
java.lang.ClassCastException: class algorithm_visualizer.algorithms.Dijkstra$PQElement cannot be cast to class java.lang.Comparable (algorithm_visualizer.algorithms.Dijkstra$PQElement is in unnamed module of loader 'app'; java.lang.Comparable is in module java.base of loader 'bootstrap')
	at algorithm_visualizer.algorithms.DijkstraTest.shouldVisitAllReachableNodesWhenNoTarget(DijkstraTest.java:133)

shouldBuildCorrectParentTree(algorithm_visualizer.algorithms.DijkstraTest)  Time elapsed: 0 s  <<< ERROR!
java.lang.ClassCastException: class algorithm_visualizer.algorithms.Dijkstra$PQElement cannot be cast to class java.lang.Comparable (algorithm_visualizer.algorithms.Dijkstra$PQElement is in unnamed module of loader 'app'; java.lang.Comparable is in module java.base of loader 'bootstrap')
	at algorithm_visualizer.algorithms.DijkstraTest.shouldBuildCorrectParentTree(DijkstraTest.java:153)

shouldHandleSingleNodeGraph(algorithm_visualizer.algorithms.DijkstraTest)  Time elapsed: 0 s  <<< ERROR!
java.lang.ClassCastException: class algorithm_visualizer.algorithms.Dijkstra$PQElement cannot be cast to class java.lang.Comparable (algorithm_visualizer.algorithms.Dijkstra$PQElement is in unnamed module of loader 'app'; java.lang.Comparable is in module java.base of loader 'bootstrap')
	at algorithm_visualizer.algorithms.DijkstraTest.shouldHandleSingleNodeGraph(DijkstraTest.java:184)

shouldFindTargetInSimpleGraph(algorithm_visualizer.algorithms.DijkstraTest)  Time elapsed: 0 s  <<< ERROR!
java.lang.ClassCastException: class algorithm_visualizer.algorithms.Dijkstra$PQElement cannot be cast to class java.lang.Comparable (algorithm_visualizer.algorithms.Dijkstra$PQElement is in unnamed module of loader 'app'; java.lang.Comparable is in module java.base of loader 'bootstrap')
	at algorithm_visualizer.algorithms.DijkstraTest.shouldFindTargetInSimpleGraph(DijkstraTest.java:34)

shouldHandleDiamondGraphCorrectly(algorithm_visualizer.algorithms.DijkstraTest)  Time elapsed: 0.001 s  <<< ERROR!
java.lang.ClassCastException: class algorithm_visualizer.algorithms.Dijkstra$PQElement cannot be cast to class java.lang.Comparable (algorithm_visualizer.algorithms.Dijkstra$PQElement is in unnamed module of loader 'app'; java.lang.Comparable is in module java.base of loader 'bootstrap')
	at algorithm_visualizer.algorithms.DijkstraTest.shouldHandleDiamondGraphCorrectly(DijkstraTest.java:173)

