<?xml version="1.0" encoding="UTF-8"?>
<testsuite xmlns:xsi="http://www.w3.org/2001/XMLSchema-instance" xsi:noNamespaceSchemaLocation="https://maven.apache.org/surefire/maven-surefire-plugin/xsd/surefire-test-report.xsd" name="algorithm_visualizer.algorithms.DijkstraTest" time="0.024" tests="12" errors="9" skipped="0" failures="0">
  <properties>
[...]
</properties>
  <testcase name="shouldThrowWhenGraphIsNull" classname="algorithm_visualizer.algorithms.DijkstraTest" time="0.003"/>
  <testcase name="shouldGenerateStepsInCorrectOrder" classname="algorithm_visualizer.algorithms.DijkstraTest" time="0.003">
    <error message="class algorithm_visualizer.algorithms.Dijkstra$PQElement cannot be cast to class java.lang.Comparable (algorithm_visualizer.algorithms.Dijkstra$PQElement is in unnamed module of loader &apos;app&apos;; java.lang.Comparable is in module java.base of loader &apos;bootstrap&apos;)" type="java.lang.ClassCastException">java.lang.ClassCastException: class algorithm_visualizer.algorithms.Dijkstra$PQElement cannot be cast to class java.lang.Comparable (algorithm_visualizer.algorithms.Dijkstra$PQElement is in unnamed module of loader 'app'; java.lang.Comparable is in module java.base of loader 'bootstrap')
	at algorithm_visualizer.algorithms.DijkstraTest.shouldGenerateStepsInCorrectOrder(DijkstraTest.java:84)
</error>
  </testcase>
  <testcase name="shouldGenerateRelaxEdgeSteps" classname="algorithm_visualizer.algorithms.DijkstraTest" time="0.001">
    <error message="class algorithm_visualizer.algorithms.Dijkstra$PQElement cannot be cast to class java.lang.Comparable (algorithm_visualizer.algorithms.Dijkstra$PQElement is in unnamed module of loader &apos;app&apos;; java.lang.Comparable is in module java.base of loader &apos;bootstrap&apos;)" type="java.lang.ClassCastException">java.lang.ClassCastException: class algorithm_visualizer.algorithms.Dijkstra$PQElement cannot be cast to class java.lang.Comparable (algorithm_visualizer.algorithms.Dijkstra$PQElement is in unnamed module of loader 'app'; java.lang.Comparable is in module java.base of loader 'bootstrap')
	at algorithm_visualizer.algorithms.DijkstraTest.shouldGenerateRelaxEdgeSteps(DijkstraTest.java:106)
</error>
  </testcase>
  <testcase name="shouldFindShortestPathWithDifferentWeights" classname="algorithm_visualizer.algorithms.DijkstraTest" time="0">
    <error message="class algorithm_visualizer.algorithms.Dijkstra$PQElement cannot be cast to class java.lang.Comparable (algorithm_visualizer.algorithms.Dijkstra$PQElement is in unnamed module of loader &apos;app&apos;; java.lang.Comparable is in module java.base of loader &apos;bootstrap&apos;)" type="java.lang.ClassCastException">java.lang.ClassCastException: class algorithm_visualizer.algorithms.Dijkstra$PQElement cannot be cast to class java.lang.Comparable (algorithm_visualizer.algorithms.Dijkstra$PQElement is in unnamed module of loader 'app'; java.lang.Comparable is in module java.base of loader 'bootstrap')
	at algorithm_visualizer.algorithms.DijkstraTest.shouldFindShortestPathWithDifferentWeights(DijkstraTest.java:53)
</error>
  </testcase>
  <testcase name="shouldNotFindUnreachableTarget" classname="algorithm_visualizer.algorithms.DijkstraTest" time="0">
    <error message="class algorithm_visualizer.algorithms.Dijkstra$PQElement cannot be cast to class java.lang.Comparable (algorithm_visualizer.algorithms.Dijkstra$PQElement is in unnamed module of loader &apos;app&apos;; java.lang.Comparable is in module java.base of loader &apos;bootstrap&apos;)" type="java.lang.ClassCastException">java.lang.ClassCastException: class algorithm_visualizer.algorithms.Dijkstra$PQElement cannot be cast to class java.lang.Comparable (algorithm_visualizer.algorithms.Dijkstra$PQElement is in unnamed module of loader 'app'; java.lang.Comparable is in module java.base of loader 'bootstrap')
	at algorithm_visualizer.algorithms.DijkstraTest.shouldNotFindUnreachableTarget(DijkstraTest.java:69)
</error>
  </testcase>
  <testcase name="shouldThrowWhenTargetNodeDoesNotExist" classname="algorithm_visualizer.algorithms.DijkstraTest" time="0"/>
  <testcase name="shouldThrowWhenStartNodeDoesNotExist" classname="algorithm_visualizer.algorithms.DijkstraTest" time="0"/>
  <testcase name="shouldVisitAllReachableNodesWhenNoTarget" classname="algorithm_visualizer.algorithms.DijkstraTest" time="0.001">
    <error message="class algorithm_visualizer.algorithms.Dijkstra$PQElement cannot be cast to class java.lang.Comparable (algorithm_visualizer.algorithms.Dijkstra$PQElement is in unnamed module of loader &apos;app&apos;; java.lang.Comparable is in module java.base of loader &apos;bootstrap&apos;)" type="java.lang.ClassCastException">java.lang.ClassCastException: class algorithm_visualizer.algorithms.Dijkstra$PQElement cannot be cast to class java.lang.Comparable (algorithm_visualizer.algorithms.Dijkstra$PQElement is in unnamed module of loader 'app'; java.lang.Comparable is in module java.base of loader 'bootstrap')
	at algorithm_visualizer.algorithms.DijkstraTest.shouldVisitAllReachableNodesWhenNoTarget(DijkstraTest.java:133)
</error>
  </testcase>
  <testcase name="shouldBuildCorrectParentTree" classname="algorithm_visualizer.algorithms.DijkstraTest" time="0">
    <error message="class algorithm_visualizer.algorithms.Dijkstra$PQElement cannot be cast to class java.lang.Comparable (algorithm_visualizer.algorithms.Dijkstra$PQElement is in unnamed module of loader &apos;app&apos;; java.lang.Comparable is in module java.base of loader &apos;bootstrap&apos;)" type="java.lang.ClassCastException">java.lang.ClassCastException: class algorithm_visualizer.algorithms.Dijkstra$PQElement cannot be cast to class java.lang.Comparable (algorithm_visualizer.algorithms.Dijkstra$PQElement is in unnamed module of loader 'app'; java.lang.Comparable is in module java.base of loader 'bootstrap')
	at algorithm_visualizer.algorithms.DijkstraTest.shouldBuildCorrectParentTree(DijkstraTest.java:153)
</error>
  </testcase>
  <testcase name="shouldHandleSingleNodeGraph" classname="algorithm_visualizer.algorithms.DijkstraTest" time="0">
    <error message="class algorithm_visualizer.algorithms.Dijkstra$PQElement cannot be cast to class java.lang.Comparable (algorithm_visualizer.algorithms.Dijkstra$PQElement is in unnamed module of loader &apos;app&apos;; java.lang.Comparable is in module java.base of loader &apos;bootstrap&apos;)" type="java.lang.ClassCastException">java.lang.ClassCastException: class algorithm_visualizer.algorithms.Dijkstra$PQElement cannot be cast to class java.lang.Comparable (algorithm_visualizer.algorithms.Dijkstra$PQElement is in unnamed module of loader 'app'; java.lang.Comparable is in module java.base of loader 'bootstrap')
	at algorithm_visualizer.algorithms.DijkstraTest.shouldHandleSingleNodeGraph(DijkstraTest.java:184)
</error>
  </testcase>
  <testcase name="shouldFindTargetInSimpleGraph" classname="algorithm_visualizer.algorithms.DijkstraTest" time="0">
    <error message="class algorithm_visualizer.algorithms.Dijkstra$PQElement cannot be cast to class java.lang.Comparable (algorithm_visualizer.algorithms.Dijkstra$PQElement is in unnamed module of loader &apos;app&apos;; java.lang.Comparable is in module java.base of loader &apos;bootstrap&apos;)" type="java.lang.ClassCastException">java.lang.ClassCastException: class algorithm_visualizer.algorithms.Dijkstra$PQElement cannot be cast to class java.lang.Comparable (algorithm_visualizer.algorithms.Dijkstra$PQElement is in unnamed module of loader 'app'; java.lang.Comparable is in module java.base of loader 'bootstrap')
	at algorithm_visualizer.algorithms.DijkstraTest.shouldFindTargetInSimpleGraph(DijkstraTest.java:34)
</error>
  </testcase>
  <testcase name="shouldHandleDiamondGraphCorrectly" classname="algorithm_visualizer.algorithms.DijkstraTest" time="0.001">
    <error message="class algorithm_visualizer.algorithms.Dijkstra$PQElement cannot be cast to class java.lang.Comparable (algorithm_visualizer.algorithms.Dijkstra$PQElement is in unnamed module of loader &apos;app&apos;; java.lang.Comparable is in module java.base of loader &apos;bootstrap&apos;)" type="java.lang.ClassCastException">java.lang.ClassCastException: class algorithm_visualizer.algorithms.Dijkstra$PQElement cannot be cast to class java.lang.Comparable (algorithm_visualizer.algorithms.Dijkstra$PQElement is in unnamed module of loader 'app'; java.lang.Comparable is in module java.base of loader 'bootstrap')
	at algorithm_visualizer.algorithms.DijkstraTest.shouldHandleDiamondGraphCorrectly(DijkstraTest.java:173)
</error>
  </testcase>
</testsuite>